2018-04-04 16:56:05,378 INFO Starting Application on DESKTOP-UOBV3HJ with PID 16980 (F:\IntelliJ_IDEA\01-work\DataPruduct\target\classes started by lcc in F:\IntelliJ_IDEA\01-work\DataPruduct)
2018-04-04 16:56:05,378 INFO No active profile set, falling back to default profiles: default
2018-04-04 16:56:05,558 INFO Refreshing org.springframework.boot.context.embedded.AnnotationConfigEmbeddedWebApplicationContext@e763844: startup date [Wed Apr 04 16:56:05 CST 2018]; root of context hierarchy
2018-04-04 16:56:05,975 INFO HV000001: Hibernate Validator 5.2.4.Final
2018-04-04 16:56:07,936 WARN No MyBatis mapper was found in '[com.neo.dao]' package. Please check your configuration.
2018-04-04 16:56:08,334 WARN No MyBatis mapper was found in '[com.lcc]' package. Please check your configuration.
2018-04-04 16:56:09,509 INFO Bean 'org.springframework.transaction.annotation.ProxyTransactionManagementConfiguration' of type [class org.springframework.transaction.annotation.ProxyTransactionManagementConfiguration$$EnhancerBySpringCGLIB$$75b5bedb] is not eligible for getting processed by all BeanPostProcessors (for example: not eligible for auto-proxying)
2018-04-04 16:56:12,005 INFO Tomcat initialized with port(s): 8080 (http)
2018-04-04 16:56:12,803 INFO Root WebApplicationContext: initialization completed in 7250 ms
2018-04-04 16:56:13,205 INFO Mapping filter: 'characterEncodingFilter' to: [/*]
2018-04-04 16:56:13,205 INFO Mapping filter: 'hiddenHttpMethodFilter' to: [/*]
2018-04-04 16:56:13,205 INFO Mapping filter: 'httpPutFormContentFilter' to: [/*]
2018-04-04 16:56:13,205 INFO Mapping filter: 'requestContextFilter' to: [/*]
2018-04-04 16:56:13,207 INFO Mapping filter: 'MyFilter' to urls: [/*]
2018-04-04 16:56:13,207 INFO Mapping filter: 'remoteIpFilter' to: [/*]
2018-04-04 16:56:13,207 INFO Mapping servlet: 'dispatcherServlet' to [/]
2018-04-04 16:56:13,310 WARN Exception encountered during context initialization - cancelling refresh attempt: org.springframework.beans.factory.BeanCreationException: Error creating bean with name 'dataFactoryControlle': Injection of resource dependencies failed; nested exception is org.springframework.beans.factory.UnsatisfiedDependencyException: Error creating bean with name 'dataFactoryServiceImpl': Unsatisfied dependency expressed through field 'dataFactoryDao'; nested exception is org.springframework.beans.factory.NoSuchBeanDefinitionException: No qualifying bean found for dependency [com.lcc.dao.DataFactoryDao]: expected at least 1 bean which qualifies as autowire candidate. Dependency annotations: {@org.springframework.beans.factory.annotation.Autowired(required=true)}
2018-04-04 16:56:13,375 INFO 

Error starting ApplicationContext. To display the auto-configuration report re-run your application with 'debug' enabled.
2018-04-04 16:56:13,628 ERROR 

***************************
APPLICATION FAILED TO START
***************************

Description:

Field dataFactoryDao in com.lcc.service.impl.DataFactoryServiceImpl required a bean of type 'com.lcc.dao.DataFactoryDao' that could not be found.


Action:

Consider defining a bean of type 'com.lcc.dao.DataFactoryDao' in your configuration.

2018-04-04 16:57:46,205 INFO Starting Application on DESKTOP-UOBV3HJ with PID 19912 (F:\IntelliJ_IDEA\01-work\DataPruduct\target\classes started by lcc in F:\IntelliJ_IDEA\01-work\DataPruduct)
2018-04-04 16:57:46,206 INFO No active profile set, falling back to default profiles: default
2018-04-04 16:57:46,382 INFO Refreshing org.springframework.boot.context.embedded.AnnotationConfigEmbeddedWebApplicationContext@460adf3f: startup date [Wed Apr 04 16:57:46 CST 2018]; root of context hierarchy
2018-04-04 16:57:46,822 INFO HV000001: Hibernate Validator 5.2.4.Final
2018-04-04 16:57:49,394 INFO Bean 'org.springframework.transaction.annotation.ProxyTransactionManagementConfiguration' of type [class org.springframework.transaction.annotation.ProxyTransactionManagementConfiguration$$EnhancerBySpringCGLIB$$61ac7bbf] is not eligible for getting processed by all BeanPostProcessors (for example: not eligible for auto-proxying)
2018-04-04 16:57:50,869 INFO Tomcat initialized with port(s): 8080 (http)
2018-04-04 16:57:51,091 INFO Root WebApplicationContext: initialization completed in 4711 ms
2018-04-04 16:57:51,487 INFO Mapping filter: 'characterEncodingFilter' to: [/*]
2018-04-04 16:57:51,488 INFO Mapping filter: 'hiddenHttpMethodFilter' to: [/*]
2018-04-04 16:57:51,488 INFO Mapping filter: 'httpPutFormContentFilter' to: [/*]
2018-04-04 16:57:51,488 INFO Mapping filter: 'requestContextFilter' to: [/*]
2018-04-04 16:57:51,490 INFO Mapping filter: 'MyFilter' to urls: [/*]
2018-04-04 16:57:51,490 INFO Mapping filter: 'remoteIpFilter' to: [/*]
2018-04-04 16:57:51,491 INFO Mapping servlet: 'dispatcherServlet' to [/]
2018-04-04 16:57:52,382 WARN Exception encountered during context initialization - cancelling refresh attempt: org.springframework.beans.factory.BeanCreationException: Error creating bean with name 'dataFactoryControlle': Injection of resource dependencies failed; nested exception is org.springframework.beans.factory.UnsatisfiedDependencyException: Error creating bean with name 'dataFactoryServiceImpl': Unsatisfied dependency expressed through field 'dataFactoryDao'; nested exception is org.springframework.beans.factory.UnsatisfiedDependencyException: Error creating bean with name 'dataFactoryDao' defined in file [F:\IntelliJ_IDEA\01-work\DataPruduct\target\classes\com\lcc\dao\DataFactoryDao.class]: Unsatisfied dependency expressed through bean property 'sqlSessionFactory'; nested exception is org.springframework.beans.factory.BeanCreationException: Error creating bean with name 'sqlSessionFactory' defined in class path resource [org/mybatis/spring/boot/autoconfigure/MybatisAutoConfiguration.class]: Bean instantiation via factory method failed; nested exception is org.springframework.beans.BeanInstantiationException: Failed to instantiate [org.apache.ibatis.session.SqlSessionFactory]: Factory method 'sqlSessionFactory' threw exception; nested exception is org.springframework.core.NestedIOException: Failed to parse mapping resource: 'file [F:\IntelliJ_IDEA\01-work\DataPruduct\target\classes\mybatis\mapper\IpCount_mapper.xml]'; nested exception is org.apache.ibatis.builder.BuilderException: Error parsing Mapper XML. Cause: org.apache.ibatis.builder.BuilderException: Error resolving class. Cause: org.apache.ibatis.type.TypeException: Could not resolve type alias 'com.neo.domain.IpcountBean'.  Cause: java.lang.ClassNotFoundException: Cannot find class: com.neo.domain.IpcountBean
2018-04-04 16:57:52,414 INFO 

Error starting ApplicationContext. To display the auto-configuration report re-run your application with 'debug' enabled.
2018-04-04 16:57:52,428 ERROR Application startup failed
org.springframework.beans.factory.BeanCreationException: Error creating bean with name 'dataFactoryControlle': Injection of resource dependencies failed; nested exception is org.springframework.beans.factory.UnsatisfiedDependencyException: Error creating bean with name 'dataFactoryServiceImpl': Unsatisfied dependency expressed through field 'dataFactoryDao'; nested exception is org.springframework.beans.factory.UnsatisfiedDependencyException: Error creating bean with name 'dataFactoryDao' defined in file [F:\IntelliJ_IDEA\01-work\DataPruduct\target\classes\com\lcc\dao\DataFactoryDao.class]: Unsatisfied dependency expressed through bean property 'sqlSessionFactory'; nested exception is org.springframework.beans.factory.BeanCreationException: Error creating bean with name 'sqlSessionFactory' defined in class path resource [org/mybatis/spring/boot/autoconfigure/MybatisAutoConfiguration.class]: Bean instantiation via factory method failed; nested exception is org.springframework.beans.BeanInstantiationException: Failed to instantiate [org.apache.ibatis.session.SqlSessionFactory]: Factory method 'sqlSessionFactory' threw exception; nested exception is org.springframework.core.NestedIOException: Failed to parse mapping resource: 'file [F:\IntelliJ_IDEA\01-work\DataPruduct\target\classes\mybatis\mapper\IpCount_mapper.xml]'; nested exception is org.apache.ibatis.builder.BuilderException: Error parsing Mapper XML. Cause: org.apache.ibatis.builder.BuilderException: Error resolving class. Cause: org.apache.ibatis.type.TypeException: Could not resolve type alias 'com.neo.domain.IpcountBean'.  Cause: java.lang.ClassNotFoundException: Cannot find class: com.neo.domain.IpcountBean
	at org.springframework.context.annotation.CommonAnnotationBeanPostProcessor.postProcessPropertyValues(CommonAnnotationBeanPostProcessor.java:321)
	at org.springframework.beans.factory.support.AbstractAutowireCapableBeanFactory.populateBean(AbstractAutowireCapableBeanFactory.java:1219)
	at org.springframework.beans.factory.support.AbstractAutowireCapableBeanFactory.doCreateBean(AbstractAutowireCapableBeanFactory.java:543)
	at org.springframework.beans.factory.support.AbstractAutowireCapableBeanFactory.createBean(AbstractAutowireCapableBeanFactory.java:482)
	at org.springframework.beans.factory.support.AbstractBeanFactory$1.getObject(AbstractBeanFactory.java:306)
	at org.springframework.beans.factory.support.DefaultSingletonBeanRegistry.getSingleton(DefaultSingletonBeanRegistry.java:230)
	at org.springframework.beans.factory.support.AbstractBeanFactory.doGetBean(AbstractBeanFactory.java:302)
	at org.springframework.beans.factory.support.AbstractBeanFactory.getBean(AbstractBeanFactory.java:197)
	at org.springframework.beans.factory.support.DefaultListableBeanFactory.preInstantiateSingletons(DefaultListableBeanFactory.java:751)
	at org.springframework.context.support.AbstractApplicationContext.finishBeanFactoryInitialization(AbstractApplicationContext.java:861)
	at org.springframework.context.support.AbstractApplicationContext.refresh(AbstractApplicationContext.java:541)
	at org.springframework.boot.context.embedded.EmbeddedWebApplicationContext.refresh(EmbeddedWebApplicationContext.java:122)
	at org.springframework.boot.SpringApplication.refresh(SpringApplication.java:761)
	at org.springframework.boot.SpringApplication.refreshContext(SpringApplication.java:371)
	at org.springframework.boot.SpringApplication.run(SpringApplication.java:315)
	at org.springframework.boot.SpringApplication.run(SpringApplication.java:1186)
	at org.springframework.boot.SpringApplication.run(SpringApplication.java:1175)
	at com.lcc.Application.main(Application.java:60)
	at sun.reflect.NativeMethodAccessorImpl.invoke0(Native Method)
	at sun.reflect.NativeMethodAccessorImpl.invoke(NativeMethodAccessorImpl.java:62)
	at sun.reflect.DelegatingMethodAccessorImpl.invoke(DelegatingMethodAccessorImpl.java:43)
	at java.lang.reflect.Method.invoke(Method.java:498)
	at org.springframework.boot.devtools.restart.RestartLauncher.run(RestartLauncher.java:49)
Caused by: org.springframework.beans.factory.UnsatisfiedDependencyException: Error creating bean with name 'dataFactoryServiceImpl': Unsatisfied dependency expressed through field 'dataFactoryDao'; nested exception is org.springframework.beans.factory.UnsatisfiedDependencyException: Error creating bean with name 'dataFactoryDao' defined in file [F:\IntelliJ_IDEA\01-work\DataPruduct\target\classes\com\lcc\dao\DataFactoryDao.class]: Unsatisfied dependency expressed through bean property 'sqlSessionFactory'; nested exception is org.springframework.beans.factory.BeanCreationException: Error creating bean with name 'sqlSessionFactory' defined in class path resource [org/mybatis/spring/boot/autoconfigure/MybatisAutoConfiguration.class]: Bean instantiation via factory method failed; nested exception is org.springframework.beans.BeanInstantiationException: Failed to instantiate [org.apache.ibatis.session.SqlSessionFactory]: Factory method 'sqlSessionFactory' threw exception; nested exception is org.springframework.core.NestedIOException: Failed to parse mapping resource: 'file [F:\IntelliJ_IDEA\01-work\DataPruduct\target\classes\mybatis\mapper\IpCount_mapper.xml]'; nested exception is org.apache.ibatis.builder.BuilderException: Error parsing Mapper XML. Cause: org.apache.ibatis.builder.BuilderException: Error resolving class. Cause: org.apache.ibatis.type.TypeException: Could not resolve type alias 'com.neo.domain.IpcountBean'.  Cause: java.lang.ClassNotFoundException: Cannot find class: com.neo.domain.IpcountBean
	at org.springframework.beans.factory.annotation.AutowiredAnnotationBeanPostProcessor$AutowiredFieldElement.inject(AutowiredAnnotationBeanPostProcessor.java:569)
	at org.springframework.beans.factory.annotation.InjectionMetadata.inject(InjectionMetadata.java:88)
	at org.springframework.beans.factory.annotation.AutowiredAnnotationBeanPostProcessor.postProcessPropertyValues(AutowiredAnnotationBeanPostProcessor.java:349)
	at org.springframework.beans.factory.support.AbstractAutowireCapableBeanFactory.populateBean(AbstractAutowireCapableBeanFactory.java:1219)
	at org.springframework.beans.factory.support.AbstractAutowireCapableBeanFactory.doCreateBean(AbstractAutowireCapableBeanFactory.java:543)
	at org.springframework.beans.factory.support.AbstractAutowireCapableBeanFactory.createBean(AbstractAutowireCapableBeanFactory.java:482)
	at org.springframework.beans.factory.support.AbstractBeanFactory$1.getObject(AbstractBeanFactory.java:306)
	at org.springframework.beans.factory.support.DefaultSingletonBeanRegistry.getSingleton(DefaultSingletonBeanRegistry.java:230)
	at org.springframework.beans.factory.support.AbstractBeanFactory.doGetBean(AbstractBeanFactory.java:302)
	at org.springframework.beans.factory.support.AbstractBeanFactory.getBean(AbstractBeanFactory.java:202)
	at org.springframework.beans.factory.config.DependencyDescriptor.resolveCandidate(DependencyDescriptor.java:207)
	at org.springframework.beans.factory.support.DefaultListableBeanFactory.doResolveDependency(DefaultListableBeanFactory.java:1128)
	at org.springframework.beans.factory.support.DefaultListableBeanFactory.resolveDependency(DefaultListableBeanFactory.java:1056)
	at org.springframework.context.annotation.CommonAnnotationBeanPostProcessor.autowireResource(CommonAnnotationBeanPostProcessor.java:518)
	at org.springframework.context.annotation.CommonAnnotationBeanPostProcessor.getResource(CommonAnnotationBeanPostProcessor.java:496)
	at org.springframework.context.annotation.CommonAnnotationBeanPostProcessor$ResourceElement.getResourceToInject(CommonAnnotationBeanPostProcessor.java:627)
	at org.springframework.beans.factory.annotation.InjectionMetadata$InjectedElement.inject(InjectionMetadata.java:169)
	at org.springframework.beans.factory.annotation.InjectionMetadata.inject(InjectionMetadata.java:88)
	at org.springframework.context.annotation.CommonAnnotationBeanPostProcessor.postProcessPropertyValues(CommonAnnotationBeanPostProcessor.java:318)
	... 22 more
Caused by: org.springframework.beans.factory.UnsatisfiedDependencyException: Error creating bean with name 'dataFactoryDao' defined in file [F:\IntelliJ_IDEA\01-work\DataPruduct\target\classes\com\lcc\dao\DataFactoryDao.class]: Unsatisfied dependency expressed through bean property 'sqlSessionFactory'; nested exception is org.springframework.beans.factory.BeanCreationException: Error creating bean with name 'sqlSessionFactory' defined in class path resource [org/mybatis/spring/boot/autoconfigure/MybatisAutoConfiguration.class]: Bean instantiation via factory method failed; nested exception is org.springframework.beans.BeanInstantiationException: Failed to instantiate [org.apache.ibatis.session.SqlSessionFactory]: Factory method 'sqlSessionFactory' threw exception; nested exception is org.springframework.core.NestedIOException: Failed to parse mapping resource: 'file [F:\IntelliJ_IDEA\01-work\DataPruduct\target\classes\mybatis\mapper\IpCount_mapper.xml]'; nested exception is org.apache.ibatis.builder.BuilderException: Error parsing Mapper XML. Cause: org.apache.ibatis.builder.BuilderException: Error resolving class. Cause: org.apache.ibatis.type.TypeException: Could not resolve type alias 'com.neo.domain.IpcountBean'.  Cause: java.lang.ClassNotFoundException: Cannot find class: com.neo.domain.IpcountBean
	at org.springframework.beans.factory.support.AbstractAutowireCapableBeanFactory.autowireByType(AbstractAutowireCapableBeanFactory.java:1312)
	at org.springframework.beans.factory.support.AbstractAutowireCapableBeanFactory.populateBean(AbstractAutowireCapableBeanFactory.java:1204)
	at org.springframework.beans.factory.support.AbstractAutowireCapableBeanFactory.doCreateBean(AbstractAutowireCapableBeanFactory.java:543)
	at org.springframework.beans.factory.support.AbstractAutowireCapableBeanFactory.createBean(AbstractAutowireCapableBeanFactory.java:482)
	at org.springframework.beans.factory.support.AbstractBeanFactory$1.getObject(AbstractBeanFactory.java:306)
	at org.springframework.beans.factory.support.DefaultSingletonBeanRegistry.getSingleton(DefaultSingletonBeanRegistry.java:230)
	at org.springframework.beans.factory.support.AbstractBeanFactory.doGetBean(AbstractBeanFactory.java:302)
	at org.springframework.beans.factory.support.AbstractBeanFactory.getBean(AbstractBeanFactory.java:202)
	at org.springframework.beans.factory.config.DependencyDescriptor.resolveCandidate(DependencyDescriptor.java:207)
	at org.springframework.beans.factory.support.DefaultListableBeanFactory.doResolveDependency(DefaultListableBeanFactory.java:1128)
	at org.springframework.beans.factory.support.DefaultListableBeanFactory.resolveDependency(DefaultListableBeanFactory.java:1056)
	at org.springframework.beans.factory.annotation.AutowiredAnnotationBeanPostProcessor$AutowiredFieldElement.inject(AutowiredAnnotationBeanPostProcessor.java:566)
	... 40 more
Caused by: org.springframework.beans.factory.BeanCreationException: Error creating bean with name 'sqlSessionFactory' defined in class path resource [org/mybatis/spring/boot/autoconfigure/MybatisAutoConfiguration.class]: Bean instantiation via factory method failed; nested exception is org.springframework.beans.BeanInstantiationException: Failed to instantiate [org.apache.ibatis.session.SqlSessionFactory]: Factory method 'sqlSessionFactory' threw exception; nested exception is org.springframework.core.NestedIOException: Failed to parse mapping resource: 'file [F:\IntelliJ_IDEA\01-work\DataPruduct\target\classes\mybatis\mapper\IpCount_mapper.xml]'; nested exception is org.apache.ibatis.builder.BuilderException: Error parsing Mapper XML. Cause: org.apache.ibatis.builder.BuilderException: Error resolving class. Cause: org.apache.ibatis.type.TypeException: Could not resolve type alias 'com.neo.domain.IpcountBean'.  Cause: java.lang.ClassNotFoundException: Cannot find class: com.neo.domain.IpcountBean
	at org.springframework.beans.factory.support.ConstructorResolver.instantiateUsingFactoryMethod(ConstructorResolver.java:599)
	at org.springframework.beans.factory.support.AbstractAutowireCapableBeanFactory.instantiateUsingFactoryMethod(AbstractAutowireCapableBeanFactory.java:1128)
	at org.springframework.beans.factory.support.AbstractAutowireCapableBeanFactory.createBeanInstance(AbstractAutowireCapableBeanFactory.java:1023)
	at org.springframework.beans.factory.support.AbstractAutowireCapableBeanFactory.doCreateBean(AbstractAutowireCapableBeanFactory.java:510)
	at org.springframework.beans.factory.support.AbstractAutowireCapableBeanFactory.createBean(AbstractAutowireCapableBeanFactory.java:482)
	at org.springframework.beans.factory.support.AbstractBeanFactory$1.getObject(AbstractBeanFactory.java:306)
	at org.springframework.beans.factory.support.DefaultSingletonBeanRegistry.getSingleton(DefaultSingletonBeanRegistry.java:230)
	at org.springframework.beans.factory.support.AbstractBeanFactory.doGetBean(AbstractBeanFactory.java:302)
	at org.springframework.beans.factory.support.AbstractBeanFactory.getBean(AbstractBeanFactory.java:202)
	at org.springframework.beans.factory.config.DependencyDescriptor.resolveCandidate(DependencyDescriptor.java:207)
	at org.springframework.beans.factory.support.DefaultListableBeanFactory.doResolveDependency(DefaultListableBeanFactory.java:1128)
	at org.springframework.beans.factory.support.DefaultListableBeanFactory.resolveDependency(DefaultListableBeanFactory.java:1056)
	at org.springframework.beans.factory.support.AbstractAutowireCapableBeanFactory.autowireByType(AbstractAutowireCapableBeanFactory.java:1297)
	... 51 more
Caused by: org.springframework.beans.BeanInstantiationException: Failed to instantiate [org.apache.ibatis.session.SqlSessionFactory]: Factory method 'sqlSessionFactory' threw exception; nested exception is org.springframework.core.NestedIOException: Failed to parse mapping resource: 'file [F:\IntelliJ_IDEA\01-work\DataPruduct\target\classes\mybatis\mapper\IpCount_mapper.xml]'; nested exception is org.apache.ibatis.builder.BuilderException: Error parsing Mapper XML. Cause: org.apache.ibatis.builder.BuilderException: Error resolving class. Cause: org.apache.ibatis.type.TypeException: Could not resolve type alias 'com.neo.domain.IpcountBean'.  Cause: java.lang.ClassNotFoundException: Cannot find class: com.neo.domain.IpcountBean
	at org.springframework.beans.factory.support.SimpleInstantiationStrategy.instantiate(SimpleInstantiationStrategy.java:189)
	at org.springframework.beans.factory.support.ConstructorResolver.instantiateUsingFactoryMethod(ConstructorResolver.java:588)
	... 63 more
Caused by: org.springframework.core.NestedIOException: Failed to parse mapping resource: 'file [F:\IntelliJ_IDEA\01-work\DataPruduct\target\classes\mybatis\mapper\IpCount_mapper.xml]'; nested exception is org.apache.ibatis.builder.BuilderException: Error parsing Mapper XML. Cause: org.apache.ibatis.builder.BuilderException: Error resolving class. Cause: org.apache.ibatis.type.TypeException: Could not resolve type alias 'com.neo.domain.IpcountBean'.  Cause: java.lang.ClassNotFoundException: Cannot find class: com.neo.domain.IpcountBean
	at org.mybatis.spring.SqlSessionFactoryBean.buildSqlSessionFactory(SqlSessionFactoryBean.java:522)
	at org.mybatis.spring.SqlSessionFactoryBean.afterPropertiesSet(SqlSessionFactoryBean.java:381)
	at org.mybatis.spring.SqlSessionFactoryBean.getObject(SqlSessionFactoryBean.java:546)
	at org.mybatis.spring.boot.autoconfigure.MybatisAutoConfiguration.sqlSessionFactory(MybatisAutoConfiguration.java:130)
	at org.mybatis.spring.boot.autoconfigure.MybatisAutoConfiguration$$EnhancerBySpringCGLIB$$9480ccef.CGLIB$sqlSessionFactory$0(<generated>)
	at org.mybatis.spring.boot.autoconfigure.MybatisAutoConfiguration$$EnhancerBySpringCGLIB$$9480ccef$$FastClassBySpringCGLIB$$11348902.invoke(<generated>)
	at org.springframework.cglib.proxy.MethodProxy.invokeSuper(MethodProxy.java:228)
	at org.springframework.context.annotation.ConfigurationClassEnhancer$BeanMethodInterceptor.intercept(ConfigurationClassEnhancer.java:356)
	at org.mybatis.spring.boot.autoconfigure.MybatisAutoConfiguration$$EnhancerBySpringCGLIB$$9480ccef.sqlSessionFactory(<generated>)
	at sun.reflect.NativeMethodAccessorImpl.invoke0(Native Method)
	at sun.reflect.NativeMethodAccessorImpl.invoke(NativeMethodAccessorImpl.java:62)
	at sun.reflect.DelegatingMethodAccessorImpl.invoke(DelegatingMethodAccessorImpl.java:43)
	at java.lang.reflect.Method.invoke(Method.java:498)
	at org.springframework.beans.factory.support.SimpleInstantiationStrategy.instantiate(SimpleInstantiationStrategy.java:162)
	... 64 more
Caused by: org.apache.ibatis.builder.BuilderException: Error parsing Mapper XML. Cause: org.apache.ibatis.builder.BuilderException: Error resolving class. Cause: org.apache.ibatis.type.TypeException: Could not resolve type alias 'com.neo.domain.IpcountBean'.  Cause: java.lang.ClassNotFoundException: Cannot find class: com.neo.domain.IpcountBean
	at org.apache.ibatis.builder.xml.XMLMapperBuilder.configurationElement(XMLMapperBuilder.java:120)
	at org.apache.ibatis.builder.xml.XMLMapperBuilder.parse(XMLMapperBuilder.java:92)
	at org.mybatis.spring.SqlSessionFactoryBean.buildSqlSessionFactory(SqlSessionFactoryBean.java:520)
	... 77 more
Caused by: org.apache.ibatis.builder.BuilderException: Error resolving class. Cause: org.apache.ibatis.type.TypeException: Could not resolve type alias 'com.neo.domain.IpcountBean'.  Cause: java.lang.ClassNotFoundException: Cannot find class: com.neo.domain.IpcountBean
	at org.apache.ibatis.builder.BaseBuilder.resolveClass(BaseBuilder.java:118)
	at org.apache.ibatis.builder.xml.XMLMapperBuilder.resultMapElement(XMLMapperBuilder.java:265)
	at org.apache.ibatis.builder.xml.XMLMapperBuilder.resultMapElement(XMLMapperBuilder.java:252)
	at org.apache.ibatis.builder.xml.XMLMapperBuilder.resultMapElements(XMLMapperBuilder.java:244)
	at org.apache.ibatis.builder.xml.XMLMapperBuilder.configurationElement(XMLMapperBuilder.java:116)
	... 79 more
Caused by: org.apache.ibatis.type.TypeException: Could not resolve type alias 'com.neo.domain.IpcountBean'.  Cause: java.lang.ClassNotFoundException: Cannot find class: com.neo.domain.IpcountBean
	at org.apache.ibatis.type.TypeAliasRegistry.resolveAlias(TypeAliasRegistry.java:120)
	at org.apache.ibatis.builder.BaseBuilder.resolveAlias(BaseBuilder.java:149)
	at org.apache.ibatis.builder.BaseBuilder.resolveClass(BaseBuilder.java:116)
	... 83 more
Caused by: java.lang.ClassNotFoundException: Cannot find class: com.neo.domain.IpcountBean
	at org.apache.ibatis.io.ClassLoaderWrapper.classForName(ClassLoaderWrapper.java:200)
	at org.apache.ibatis.io.ClassLoaderWrapper.classForName(ClassLoaderWrapper.java:89)
	at org.apache.ibatis.io.Resources.classForName(Resources.java:261)
	at org.apache.ibatis.type.TypeAliasRegistry.resolveAlias(TypeAliasRegistry.java:116)
	... 85 more
2018-04-04 17:02:30,172 INFO Starting Application on DESKTOP-UOBV3HJ with PID 14516 (F:\IntelliJ_IDEA\01-work\DataPruduct\target\classes started by lcc in F:\IntelliJ_IDEA\01-work\DataPruduct)
2018-04-04 17:02:30,173 INFO No active profile set, falling back to default profiles: default
2018-04-04 17:02:30,313 INFO Refreshing org.springframework.boot.context.embedded.AnnotationConfigEmbeddedWebApplicationContext@6567458d: startup date [Wed Apr 04 17:02:30 CST 2018]; root of context hierarchy
2018-04-04 17:02:31,482 INFO HV000001: Hibernate Validator 5.2.4.Final
2018-04-04 17:02:33,270 INFO Bean 'org.springframework.transaction.annotation.ProxyTransactionManagementConfiguration' of type [class org.springframework.transaction.annotation.ProxyTransactionManagementConfiguration$$EnhancerBySpringCGLIB$$caf0e7c2] is not eligible for getting processed by all BeanPostProcessors (for example: not eligible for auto-proxying)
2018-04-04 17:02:34,274 INFO Tomcat initialized with port(s): 8080 (http)
2018-04-04 17:02:34,527 INFO Root WebApplicationContext: initialization completed in 4216 ms
2018-04-04 17:02:35,073 INFO Mapping filter: 'characterEncodingFilter' to: [/*]
2018-04-04 17:02:35,074 INFO Mapping filter: 'hiddenHttpMethodFilter' to: [/*]
2018-04-04 17:02:35,074 INFO Mapping filter: 'httpPutFormContentFilter' to: [/*]
2018-04-04 17:02:35,074 INFO Mapping filter: 'requestContextFilter' to: [/*]
2018-04-04 17:02:35,076 INFO Mapping filter: 'MyFilter' to urls: [/*]
2018-04-04 17:02:35,076 INFO Mapping filter: 'remoteIpFilter' to: [/*]
2018-04-04 17:02:35,076 INFO Mapping servlet: 'dispatcherServlet' to [/]
2018-04-04 17:02:36,204 INFO Looking for @ControllerAdvice: org.springframework.boot.context.embedded.AnnotationConfigEmbeddedWebApplicationContext@6567458d: startup date [Wed Apr 04 17:02:30 CST 2018]; root of context hierarchy
2018-04-04 17:02:36,326 INFO Mapped "{[/DataFactoryControlle/welcome]}" onto public java.lang.String com.lcc.controller.DataFactoryControlle.welcome(org.springframework.ui.Model,javax.servlet.http.HttpServletRequest,javax.servlet.http.HttpServletResponse)
2018-04-04 17:02:36,328 INFO Mapped "{[/error]}" onto public org.springframework.http.ResponseEntity<java.util.Map<java.lang.String, java.lang.Object>> org.springframework.boot.autoconfigure.web.BasicErrorController.error(javax.servlet.http.HttpServletRequest)
2018-04-04 17:02:36,333 INFO Mapped "{[/error],produces=[text/html]}" onto public org.springframework.web.servlet.ModelAndView org.springframework.boot.autoconfigure.web.BasicErrorController.errorHtml(javax.servlet.http.HttpServletRequest,javax.servlet.http.HttpServletResponse)
2018-04-04 17:02:36,354 INFO Mapped URL path [/admin/adminLogin] onto handler of type [class org.springframework.web.servlet.mvc.ParameterizableViewController]
2018-04-04 17:02:36,354 INFO Mapped URL path [/DataProduct/rent/addRent] onto handler of type [class org.springframework.web.servlet.mvc.ParameterizableViewController]
2018-04-04 17:02:36,354 INFO Mapped URL path [/newsController/toAddNewsPage] onto handler of type [class org.springframework.web.servlet.mvc.ParameterizableViewController]
2018-04-04 17:02:36,370 INFO Mapped URL path [/upload/rent/**] onto handler of type [class org.springframework.web.servlet.resource.ResourceHttpRequestHandler]
2018-04-04 17:02:36,371 INFO Mapped URL path [/upload/news/**] onto handler of type [class org.springframework.web.servlet.resource.ResourceHttpRequestHandler]
2018-04-04 17:02:36,371 INFO Mapped URL path [/webjars/**] onto handler of type [class org.springframework.web.servlet.resource.ResourceHttpRequestHandler]
2018-04-04 17:02:36,371 INFO Mapped URL path [/**] onto handler of type [class org.springframework.web.servlet.resource.ResourceHttpRequestHandler]
2018-04-04 17:02:36,498 INFO Mapped URL path [/**/favicon.ico] onto handler of type [class org.springframework.web.servlet.resource.ResourceHttpRequestHandler]
2018-04-04 17:02:36,887 INFO ClassTemplateLoader for Spring macros added to FreeMarker configuration
2018-04-04 17:02:37,377 INFO LiveReload server is running on port 35729
2018-04-04 17:02:37,458 INFO Registering beans for JMX exposure on startup
2018-04-04 17:02:37,638 INFO Tomcat started on port(s): 8080 (http)
2018-04-04 17:02:37,648 INFO Started Application in 8.391 seconds (JVM running for 9.549)
2018-04-04 17:03:15,441 INFO FrameworkServlet 'dispatcherServlet': initialization started
2018-04-04 17:03:15,491 INFO FrameworkServlet 'dispatcherServlet': initialization completed in 49 ms
2018-04-04 17:03:15,559 INFO host#0:0:0:0:0:0:0:1#/DataProduct
2018-04-04 17:03:34,146 INFO host#0:0:0:0:0:0:0:1#/DataProduct/index
2018-04-04 17:04:36,906 INFO host#0:0:0:0:0:0:0:1#/DataProduct/index
2018-04-04 17:04:39,662 INFO host#0:0:0:0:0:0:0:1#/DataProduct/index
2018-04-04 17:04:40,245 INFO host#0:0:0:0:0:0:0:1#/DataProduct/index
2018-04-04 17:04:40,527 INFO host#0:0:0:0:0:0:0:1#/DataProduct/index
2018-04-04 17:04:40,794 INFO host#0:0:0:0:0:0:0:1#/DataProduct/index
2018-04-04 17:04:41,074 INFO host#0:0:0:0:0:0:0:1#/DataProduct/index
2018-04-04 17:04:41,334 INFO host#0:0:0:0:0:0:0:1#/DataProduct/index
2018-04-04 17:04:41,647 INFO host#0:0:0:0:0:0:0:1#/DataProduct/index
2018-04-04 17:05:02,489 INFO host#127.0.0.1#/DataProduct/index
2018-04-04 17:05:02,921 INFO host#127.0.0.1#/favicon.ico
2018-04-04 17:07:22,035 INFO host#127.0.0.1#/DataProduct/welcome
2018-04-04 17:07:37,594 INFO host#127.0.0.1#/DataProduct//DataFactoryControlle/welcome
2018-04-04 17:07:43,730 INFO host#127.0.0.1#/DataProduct/DataFactoryControlle/welcome
2018-04-04 17:08:28,908 INFO host#127.0.0.1#/DataProduct/DataFactoryControlle/welcome
2018-04-04 17:08:28,952 INFO host#127.0.0.1#/favicon.ico
2018-04-04 17:08:41,979 INFO Starting Application on DESKTOP-UOBV3HJ with PID 9192 (F:\IntelliJ_IDEA\01-work\DataPruduct\target\classes started by lcc in F:\IntelliJ_IDEA\01-work\DataPruduct)
2018-04-04 17:08:41,979 INFO No active profile set, falling back to default profiles: default
2018-04-04 17:08:42,116 INFO Refreshing org.springframework.boot.context.embedded.AnnotationConfigEmbeddedWebApplicationContext@460adf3f: startup date [Wed Apr 04 17:08:42 CST 2018]; root of context hierarchy
2018-04-04 17:08:42,917 INFO HV000001: Hibernate Validator 5.2.4.Final
2018-04-04 17:08:44,925 INFO Bean 'org.springframework.transaction.annotation.ProxyTransactionManagementConfiguration' of type [class org.springframework.transaction.annotation.ProxyTransactionManagementConfiguration$$EnhancerBySpringCGLIB$$c9d77d25] is not eligible for getting processed by all BeanPostProcessors (for example: not eligible for auto-proxying)
2018-04-04 17:08:45,979 INFO Tomcat initialized with port(s): 8080 (http)
2018-04-04 17:08:46,150 INFO Root WebApplicationContext: initialization completed in 4036 ms
2018-04-04 17:08:46,502 INFO Mapping filter: 'characterEncodingFilter' to: [/*]
2018-04-04 17:08:46,503 INFO Mapping filter: 'hiddenHttpMethodFilter' to: [/*]
2018-04-04 17:08:46,503 INFO Mapping filter: 'httpPutFormContentFilter' to: [/*]
2018-04-04 17:08:46,503 INFO Mapping filter: 'requestContextFilter' to: [/*]
2018-04-04 17:08:46,504 INFO Mapping filter: 'MyFilter' to urls: [/*]
2018-04-04 17:08:46,504 INFO Mapping filter: 'remoteIpFilter' to: [/*]
2018-04-04 17:08:46,505 INFO Mapping servlet: 'dispatcherServlet' to [/]
2018-04-04 17:08:47,468 INFO Looking for @ControllerAdvice: org.springframework.boot.context.embedded.AnnotationConfigEmbeddedWebApplicationContext@460adf3f: startup date [Wed Apr 04 17:08:42 CST 2018]; root of context hierarchy
2018-04-04 17:08:47,565 INFO Mapped "{[/DataFactoryControlle/welcome]}" onto public java.lang.String com.lcc.controller.DataFactoryControlle.welcome(org.springframework.ui.Model,javax.servlet.http.HttpServletRequest,javax.servlet.http.HttpServletResponse)
2018-04-04 17:08:47,570 INFO Mapped "{[/error]}" onto public org.springframework.http.ResponseEntity<java.util.Map<java.lang.String, java.lang.Object>> org.springframework.boot.autoconfigure.web.BasicErrorController.error(javax.servlet.http.HttpServletRequest)
2018-04-04 17:08:47,571 INFO Mapped "{[/error],produces=[text/html]}" onto public org.springframework.web.servlet.ModelAndView org.springframework.boot.autoconfigure.web.BasicErrorController.errorHtml(javax.servlet.http.HttpServletRequest,javax.servlet.http.HttpServletResponse)
2018-04-04 17:08:47,610 INFO Mapped URL path [/admin/adminLogin] onto handler of type [class org.springframework.web.servlet.mvc.ParameterizableViewController]
2018-04-04 17:08:47,610 INFO Mapped URL path [/DataProduct/rent/addRent] onto handler of type [class org.springframework.web.servlet.mvc.ParameterizableViewController]
2018-04-04 17:08:47,610 INFO Mapped URL path [/newsController/toAddNewsPage] onto handler of type [class org.springframework.web.servlet.mvc.ParameterizableViewController]
2018-04-04 17:08:47,628 INFO Mapped URL path [/upload/rent/**] onto handler of type [class org.springframework.web.servlet.resource.ResourceHttpRequestHandler]
2018-04-04 17:08:47,629 INFO Mapped URL path [/upload/news/**] onto handler of type [class org.springframework.web.servlet.resource.ResourceHttpRequestHandler]
2018-04-04 17:08:47,629 INFO Mapped URL path [/webjars/**] onto handler of type [class org.springframework.web.servlet.resource.ResourceHttpRequestHandler]
2018-04-04 17:08:47,629 INFO Mapped URL path [/**] onto handler of type [class org.springframework.web.servlet.resource.ResourceHttpRequestHandler]
2018-04-04 17:08:47,718 INFO Mapped URL path [/**/favicon.ico] onto handler of type [class org.springframework.web.servlet.resource.ResourceHttpRequestHandler]
2018-04-04 17:08:48,030 INFO ClassTemplateLoader for Spring macros added to FreeMarker configuration
2018-04-04 17:08:48,471 INFO LiveReload server is running on port 35729
2018-04-04 17:08:48,548 INFO Registering beans for JMX exposure on startup
2018-04-04 17:08:48,654 INFO Tomcat started on port(s): 8080 (http)
2018-04-04 17:08:48,666 INFO Started Application in 7.765 seconds (JVM running for 8.95)
2018-04-04 17:08:55,330 INFO FrameworkServlet 'dispatcherServlet': initialization started
2018-04-04 17:08:55,364 INFO FrameworkServlet 'dispatcherServlet': initialization completed in 34 ms
2018-04-04 17:08:55,399 INFO host#127.0.0.1#/DataProduct/DataFactoryControlle/welcome
2018-04-04 17:08:55,562 INFO host#127.0.0.1#/favicon.ico
2018-04-04 17:09:15,382 INFO host#127.0.0.1#/DataFactoryControlle/welcome
2018-04-04 17:09:15,895 INFO host#127.0.0.1#/js/common/jquery-1.8.3.min.js
2018-04-04 17:09:15,906 INFO host#127.0.0.1#/img/index/run1.png
2018-04-04 17:09:15,996 INFO host#127.0.0.1#/img/index/run3.png
2018-04-04 17:09:16,057 INFO host#127.0.0.1#/img/index/run2.png
2018-04-04 17:09:16,077 INFO host#127.0.0.1#/img/index/run5.png
2018-04-04 17:09:16,114 INFO host#127.0.0.1#/img/index/run4.png
2018-04-04 17:09:16,188 INFO host#127.0.0.1#/img/foot/foot.png
2018-04-04 17:09:58,573 INFO host#127.0.0.1#/userController/userLogin
2018-04-04 17:11:48,990 INFO Starting Application on DESKTOP-UOBV3HJ with PID 11888 (F:\IntelliJ_IDEA\01-work\DataPruduct\target\classes started by lcc in F:\IntelliJ_IDEA\01-work\DataPruduct)
2018-04-04 17:11:48,991 INFO No active profile set, falling back to default profiles: default
2018-04-04 17:11:49,223 INFO Refreshing org.springframework.boot.context.embedded.AnnotationConfigEmbeddedWebApplicationContext@460adf3f: startup date [Wed Apr 04 17:11:49 CST 2018]; root of context hierarchy
2018-04-04 17:11:49,801 INFO HV000001: Hibernate Validator 5.2.4.Final
2018-04-04 17:11:53,636 INFO Bean 'org.springframework.transaction.annotation.ProxyTransactionManagementConfiguration' of type [class org.springframework.transaction.annotation.ProxyTransactionManagementConfiguration$$EnhancerBySpringCGLIB$$f8d44139] is not eligible for getting processed by all BeanPostProcessors (for example: not eligible for auto-proxying)
2018-04-04 17:11:55,048 INFO Tomcat initialized with port(s): 8080 (http)
2018-04-04 17:11:55,312 INFO Root WebApplicationContext: initialization completed in 6091 ms
2018-04-04 17:11:55,814 INFO Mapping filter: 'characterEncodingFilter' to: [/*]
2018-04-04 17:11:55,814 INFO Mapping filter: 'hiddenHttpMethodFilter' to: [/*]
2018-04-04 17:11:55,814 INFO Mapping filter: 'httpPutFormContentFilter' to: [/*]
2018-04-04 17:11:55,815 INFO Mapping filter: 'requestContextFilter' to: [/*]
2018-04-04 17:11:55,815 INFO Mapping filter: 'MyFilter' to urls: [/*]
2018-04-04 17:11:55,815 INFO Mapping filter: 'remoteIpFilter' to: [/*]
2018-04-04 17:11:55,815 INFO Mapping servlet: 'dispatcherServlet' to [/]
2018-04-04 17:11:56,861 INFO Looking for @ControllerAdvice: org.springframework.boot.context.embedded.AnnotationConfigEmbeddedWebApplicationContext@460adf3f: startup date [Wed Apr 04 17:11:49 CST 2018]; root of context hierarchy
2018-04-04 17:11:56,964 INFO Mapped "{[/DataFactoryControlle/welcome]}" onto public java.lang.String com.lcc.controller.DataFactoryController.welcome(org.springframework.ui.Model,javax.servlet.http.HttpServletRequest,javax.servlet.http.HttpServletResponse)
2018-04-04 17:11:56,973 INFO Mapped "{[/error]}" onto public org.springframework.http.ResponseEntity<java.util.Map<java.lang.String, java.lang.Object>> org.springframework.boot.autoconfigure.web.BasicErrorController.error(javax.servlet.http.HttpServletRequest)
2018-04-04 17:11:56,974 INFO Mapped "{[/error],produces=[text/html]}" onto public org.springframework.web.servlet.ModelAndView org.springframework.boot.autoconfigure.web.BasicErrorController.errorHtml(javax.servlet.http.HttpServletRequest,javax.servlet.http.HttpServletResponse)
2018-04-04 17:11:56,999 INFO Mapped URL path [/admin/adminLogin] onto handler of type [class org.springframework.web.servlet.mvc.ParameterizableViewController]
2018-04-04 17:11:56,999 INFO Mapped URL path [/DataProduct/rent/addRent] onto handler of type [class org.springframework.web.servlet.mvc.ParameterizableViewController]
2018-04-04 17:11:56,999 INFO Mapped URL path [/newsController/toAddNewsPage] onto handler of type [class org.springframework.web.servlet.mvc.ParameterizableViewController]
2018-04-04 17:11:57,014 INFO Mapped URL path [/upload/rent/**] onto handler of type [class org.springframework.web.servlet.resource.ResourceHttpRequestHandler]
2018-04-04 17:11:57,014 INFO Mapped URL path [/upload/news/**] onto handler of type [class org.springframework.web.servlet.resource.ResourceHttpRequestHandler]
2018-04-04 17:11:57,014 INFO Mapped URL path [/webjars/**] onto handler of type [class org.springframework.web.servlet.resource.ResourceHttpRequestHandler]
2018-04-04 17:11:57,014 INFO Mapped URL path [/**] onto handler of type [class org.springframework.web.servlet.resource.ResourceHttpRequestHandler]
2018-04-04 17:11:57,077 INFO Mapped URL path [/**/favicon.ico] onto handler of type [class org.springframework.web.servlet.resource.ResourceHttpRequestHandler]
2018-04-04 17:11:57,360 INFO ClassTemplateLoader for Spring macros added to FreeMarker configuration
2018-04-04 17:11:57,840 INFO LiveReload server is running on port 35729
2018-04-04 17:11:57,910 INFO Registering beans for JMX exposure on startup
2018-04-04 17:11:58,019 INFO Tomcat started on port(s): 8080 (http)
2018-04-04 17:11:58,030 INFO Started Application in 9.953 seconds (JVM running for 10.98)
2018-04-04 17:12:02,957 INFO FrameworkServlet 'dispatcherServlet': initialization started
2018-04-04 17:12:03,003 INFO FrameworkServlet 'dispatcherServlet': initialization completed in 45 ms
2018-04-04 17:12:03,095 INFO host#127.0.0.1#/DataFactoryControlle/welcome
2018-04-04 17:12:03,869 INFO host#127.0.0.1#/js/common/jquery-1.8.3.min.js
2018-04-04 17:12:03,969 INFO host#127.0.0.1#/img/index/run2.png
2018-04-04 17:12:04,036 INFO host#127.0.0.1#/img/foot/foot.png
2018-04-04 17:12:04,053 INFO host#127.0.0.1#/img/index/run1.png
2018-04-04 17:12:04,113 INFO host#127.0.0.1#/img/index/run5.png
2018-04-04 17:12:04,172 INFO host#127.0.0.1#/img/index/run4.png
2018-04-04 17:12:04,221 INFO host#127.0.0.1#/img/index/run3.png
2018-04-04 17:12:04,953 INFO host#127.0.0.1#/favicon.ico
